c:\users\xaoli\source\repos\inf1010_tp3-master\tp3\tp3\x64\debug\vc141.pdb
c:\users\xaoli\source\repos\inf1010_tp3-master\tp3\tp3\x64\debug\vc141.idb
c:\users\xaoli\source\repos\inf1010_tp3-master\tp3\tp3\x64\debug\utilisateurregulier.obj
c:\users\xaoli\source\repos\inf1010_tp3-master\tp3\tp3\x64\debug\utilisateurpremium.obj
c:\users\xaoli\source\repos\inf1010_tp3-master\tp3\tp3\x64\debug\utilisateur.obj
c:\users\xaoli\source\repos\inf1010_tp3-master\tp3\tp3\x64\debug\transfert.obj
c:\users\xaoli\source\repos\inf1010_tp3-master\tp3\tp3\x64\debug\main.obj
c:\users\xaoli\source\repos\inf1010_tp3-master\tp3\tp3\x64\debug\groupe.obj
c:\users\xaoli\source\repos\inf1010_tp3-master\tp3\tp3\x64\debug\depenseindividuelle.obj
c:\users\xaoli\source\repos\inf1010_tp3-master\tp3\tp3\x64\debug\depensegroupe.obj
c:\users\xaoli\source\repos\inf1010_tp3-master\tp3\tp3\x64\debug\depense.obj
c:\users\xaoli\source\repos\inf1010_tp3-master\tp3\x64\debug\tp3.ilk
c:\users\xaoli\source\repos\inf1010_tp3-master\tp3\x64\debug\tp3.exe
c:\users\xaoli\source\repos\inf1010_tp3-master\tp3\x64\debug\tp3.pdb
c:\users\xaoli\source\repos\inf1010_tp3-master\tp3\tp3\x64\debug\tp3.tlog\cl.command.1.tlog
c:\users\xaoli\source\repos\inf1010_tp3-master\tp3\tp3\x64\debug\tp3.tlog\cl.read.1.tlog
c:\users\xaoli\source\repos\inf1010_tp3-master\tp3\tp3\x64\debug\tp3.tlog\cl.write.1.tlog
c:\users\xaoli\source\repos\inf1010_tp3-master\tp3\tp3\x64\debug\tp3.tlog\link.command.1.tlog
c:\users\xaoli\source\repos\inf1010_tp3-master\tp3\tp3\x64\debug\tp3.tlog\link.read.1.tlog
c:\users\xaoli\source\repos\inf1010_tp3-master\tp3\tp3\x64\debug\tp3.tlog\link.write.1.tlog
