c:\users\xaoli\source\repos\tp5\tp5\debug\vc141.pdb
c:\users\xaoli\source\repos\tp5\tp5\debug\vc141.idb
c:\users\xaoli\source\repos\tp5\tp5\debug\utilisateurregulier.obj
c:\users\xaoli\source\repos\tp5\tp5\debug\utilisateurpremium.obj
c:\users\xaoli\source\repos\tp5\tp5\debug\utilisateur.obj
c:\users\xaoli\source\repos\tp5\tp5\debug\transfertpaypal.obj
c:\users\xaoli\source\repos\tp5\tp5\debug\transfertinterac.obj
c:\users\xaoli\source\repos\tp5\tp5\debug\transfert.obj
c:\users\xaoli\source\repos\tp5\tp5\debug\main.obj
c:\users\xaoli\source\repos\tp5\tp5\debug\groupe.obj
c:\users\xaoli\source\repos\tp5\tp5\debug\gestionnaireutilisateurs.obj
c:\users\xaoli\source\repos\tp5\tp5\debug\gestionnairedepenses.obj
c:\users\xaoli\source\repos\tp5\tp5\debug\depense.obj
c:\users\xaoli\source\repos\tp5\debug\tp5.exe
c:\users\xaoli\source\repos\tp5\debug\tp5.ilk
c:\users\xaoli\source\repos\tp5\debug\tp5.pdb
c:\users\xaoli\source\repos\tp5\tp5\debug\gestionnaireutilisateurs.obj.enc
c:\users\xaoli\source\repos\tp5\tp5\debug\groupe.obj.enc
c:\users\xaoli\source\repos\tp5\tp5\debug\main.obj.enc
c:\users\xaoli\source\repos\tp5\tp5\debug\tp5.tlog\cl.command.1.tlog
c:\users\xaoli\source\repos\tp5\tp5\debug\tp5.tlog\cl.read.1.tlog
c:\users\xaoli\source\repos\tp5\tp5\debug\tp5.tlog\cl.write.1.tlog
c:\users\xaoli\source\repos\tp5\tp5\debug\tp5.tlog\link.command.1.tlog
c:\users\xaoli\source\repos\tp5\tp5\debug\tp5.tlog\link.read.1.tlog
c:\users\xaoli\source\repos\tp5\tp5\debug\tp5.tlog\link.write.1.tlog
